1613317084639	geckodriver	INFO	Listening on 127.0.0.1:49253
1613317087783	mozrunner::runner	INFO	Running command: "C:\\Program Files\\Mozilla Firefox\\firefox.exe" "--marionette" "-headless" "-foreground" "-no-remote" "-profile" "C:\\Users\\SOULEY~1\\AppData\\Local\\Temp\\rust_mozprofileKpbk8H"
*** You are running in headless mode.
console.warn: SearchSettings: "get: No settings file exists, new profile?" (new Error("", "(unknown module)"))
1613317098950	Marionette	INFO	Listening on port 49262
1613317099770	Marionette	WARN	TLS certificate errors will be ignored for this session
1613317099827	Marionette	ERROR	[15] No reply from Marionette:Register
console.warn: SearchSettings: "get: No settings file exists, new profile?" (new Error("", "(unknown module)"))
console.log: WebExtensions: reset-default-search: No addons in our list are installed.
ner	INFO	Running command: "C:\\Program Files\\Mozilla Firefox\\firefox.exe" "--marionette" "-headless" "-foreground" "-no-remote" "-profile" "C:\\Users\\SOULEY~1\\AppData\\Local\\Temp\\rust_mozprofilemofrG8"
*** You are running in headless mode.
console.warn: SearchSettings: "get: No settings file exists, new profile?" (new Error("", "(unknown module)"))
1613317133141	Marionette	INFO	Listening on port 49341
1613317133530	Marionette	WARN	TLS certificate errors will be ignored for this session
1613317133539	Marionette	ERROR	[15] No reply from Marionette:Register
console.warn: SearchSettings: "get: No settings file exists, new profile?" (new Error("", "(unknown module)"))
console.log: WebExtensions: reset-default-search: No addons in our list are installed.
ner	INFO	Running command: "C:\\Program Files\\Mozilla Firefox\\firefox.exe" "--marionette" "-foreground" "-no-remote" "-profile" "C:\\Users\\SOULEY~1\\AppData\\Local\\Temp\\rust_mozprofile0BOtZw"
console.warn: SearchSettings: "get: No settings file exists, new profile?" (new Error("", "(unknown module)"))
1613317235704	Marionette	INFO	Listening on port 49417
1613317235754	Marionette	WARN	TLS certificate errors will be ignored for this session
1613317235764	Marionette	ERROR	[15] No reply from Marionette:Register
console.warn: SearchSettings: "get: No settings file exists, new profile?" (new Error("", "(unknown module)"))
console.log: WebExtensions: reset-default-search: No addons in our list are installed.
[Parent 22596, IPC I/O Parent] WARNING: file /builds/worker/checkouts/gecko/ipc/chromium/src/base/process_util_win.cc:167
1613330161376	Marionette	INFO	Stopped listening on port 49417

###!!! [Child][RunMessage] Error: Channel closing: too late to send/recv, messages will be lost

(unknown module)"))
1613317644455	Marionette	INFO	Listening on port 49612
1613317644954	Marionette	WARN	TLS certificate errors will be ignored for this session
1613317644966	Marionette	ERROR	[15] No reply from Marionette:Register
console.warn: SearchSettings: "get: No settings file exists, new profile?" (new Error("", "(unknown module)"))
console.log: WebExtensions: reset-default-search: No addons in our list are installed.
[Parent 13860, IPC I/O Parent] WARNING: file /builds/worker/checkouts/gecko/ipc/chromium/src/base/process_util_win.cc:167
1613329887123	Marionette	INFO	Stopped listening on port 49612
leVrnsl4"
console.warn: SearchSettings: "get: No settings file exists, new profile?" (new Error("", "(unknown module)"))
1613318155385	Marionette	INFO	Listening on port 49969
1613318157190	Marionette	WARN	TLS certificate errors will be ignored for this session
1613318157274	Marionette	ERROR	[15] No reply from Marionette:Register
console.warn: SearchSettings: "get: No settings file exists, new profile?" (new Error("", "(unknown module)"))
console.log: WebExtensions: reset-default-search: No addons in our list are installed.
[Parent 20032, IPC I/O Parent] WARNING: pipe error: 232: file /builds/worker/checkouts/gecko/ipc/chromium/src/chrome/common/ipc_channel_win.cc:545
[Parent 20032, IPC I/O Parent] WARNING: file /builds/worker/checkouts/gecko/ipc/chromium/src/base/process_util_win.cc:167
[Parent 20032, IPC I/O Parent] WARNING: file /builds/worker/checkouts/gecko/ipc/chromium/src/base/process_util_win.cc:167
1613328856816	Marionette	INFO	Stopped listening on port 49969

###!!! [Child][RunMessage] Error: Channel closing: too late to send/recv, messages will be lost

o settings file exists, new profile?" (new Error("", "(unknown module)"))
console.log: WebExtensions: reset-default-search: No addons in our list are installed.
1613320459720	Marionette	INFO	Stopped listening on port 50508

###!!! [Child][RunMessage] Error: Channel closing: too late to send/recv, messages will be lost

1613320983809	geckodriver	INFO	Listening on 127.0.0.1:51202
1613320986936	mozrunner::runner	INFO	Running command: "C:\\Program Files\\Mozilla Firefox\\firefox.exe" "--marionette" "-foreground" "-no-remote" "-profile" "C:\\Users\\SOULEY~1\\AppData\\Local\\Temp\\rust_mozprofile0ud645"
console.warn: SearchSettings: "get: No settings file exists, new profile?" (new Error("", "(unknown module)"))
1613320998889	Marionette	INFO	Listening on port 51213
1613320999437	Marionette	WARN	TLS certificate errors will be ignored for this session
1613320999454	Marionette	ERROR	[15] No reply from Marionette:Register
console.warn: SearchSettings: "get: No settings file exists, new profile?" (new Error("", "(unknown module)"))
console.log: WebExtensions: reset-default-search: No addons in our list are installed.
JavaScript error: moz-extension://806d4f31-f187-4d57-aa8a-56c511e1eac6/assets/prompt.js, line 1: SyntaxError: redeclaration of let nextPromptResult
JavaScript error: moz-extension://806d4f31-f187-4d57-aa8a-56c511e1eac6/assets/prompt.js, line 1: SyntaxError: redeclaration of let nextPromptResult
[Parent 5892, IPC I/O Parent] WARNING: file /builds/worker/checkouts/gecko/ipc/chromium/src/base/process_util_win.cc:167
1613330307764	Marionette	INFO	Stopped listening on port 51213
8] No reply from Marionette:Register
console.warn: SearchSettings: "get: No settings file exists, new profile?" (new Error("", "(unknown module)"))
1613321070575	Marionette	INFO	Stopped listening on port 51365
JavaScript error: resource://activity-stream/lib/ASRouter.jsm, line 987: NS_ERROR_ILLEGAL_VALUE: Component returned failure code: 0x80070057 (NS_ERROR_ILLEGAL_VALUE) [nsIObserverService.removeObserver]

###!!! [Child][RunMessage] Error: Channel closing: too late to send/recv, messages will be lost

1613321096629	geckodriver	INFO	Listening on 127.0.0.1:51429
1613321099579	mozrunner::runner	INFO	Running command: "C:\\Program Files\\Mozilla Firefox\\firefox.exe" "--marionette" "-foreground" "-no-remote" "-profile" "C:\\Users\\SOULEY~1\\AppData\\Local\\Temp\\rust_mozprofileNxtAQi"
console.warn: SearchSettings: "get: No settings file exists, new profile?" (new Error("", "(unknown module)"))
1613321103644	Marionette	INFO	Listening on port 51439
1613321103938	Marionette	WARN	TLS certificate errors will be ignored for this session
1613321103947	Marionette	ERROR	[18] No reply from Marionette:Register
console.warn: SearchSettings: "get: No settings file exists, new profile?" (new Error("", "(unknown module)"))
1613321105689	Marionette	INFO	Stopped listening on port 51439
JavaScript error: resource://activity-stream/lib/ASRouter.jsm, line 987: NS_ERROR_ILLEGAL_VALUE: Component returned failure code: 0x80070057 (NS_ERROR_ILLEGAL_VALUE) [nsIObserverService.removeObserver]

###!!! [Child][RunMessage] Error: Channel closing: too late to send/recv, messages will be lost

1613321130086	geckodriver	INFO	Listening on 127.0.0.1:51502
1613321133124	mozrunner::runner	INFO	Running command: "C:\\Program Files\\Mozilla Firefox\\firefox.exe" "--marionette" "-foreground" "-no-remote" "-profile" "C:\\Users\\SOULEY~1\\AppData\\Local\\Temp\\rust_mozprofilelgFb5Y"
console.warn: SearchSettings: "get: No settings file exists, new profile?" (new Error("", "(unknown module)"))
1613321137567	Marionette	INFO	Listening on port 51513
1613321138080	Marionette	WARN	TLS certificate errors will be ignored for this session
1613321138090	Marionette	ERROR	[18] No reply from Marionette:Register
console.warn: SearchSettings: "get: No settings file exists, new profile?" (new Error("", "(unknown module)"))
1613321139756	Marionette	INFO	Stopped listening on port 51513
JavaScript error: resource://activity-stream/lib/ASRouter.jsm, line 987: NS_ERROR_ILLEGAL_VALUE: Component returned failure code: 0x80070057 (NS_ERROR_ILLEGAL_VALUE) [nsIObserverService.removeObserver]
console.warn: services.settings: main/cfr-fxa sync interrupted by shutdown

###!!! [Child][RunMessage] Error: Channel closing: too late to send/recv, messages will be lost

1613321383611	geckodriver	INFO	Listening on 127.0.0.1:51741
1613321386639	mozrunner::runner	INFO	Running command: "C:\\Program Files\\Mozilla Firefox\\firefox.exe" "--marionette" "-foreground" "-no-remote" "-profile" "C:\\Users\\SOULEY~1\\AppData\\Local\\Temp\\rust_mozprofileN9iagc"
console.warn: SearchSettings: "get: No settings file exists, new profile?" (new Error("", "(unknown module)"))
1613321391594	Marionette	INFO	Listening on port 51751
1613321392091	Marionette	WARN	TLS certificate errors will be ignored for this session
1613321392103	Marionette	ERROR	[18] No reply from Marionette:Register
console.warn: SearchSettings: "get: No settings file exists, new profile?" (new Error("", "(unknown module)"))
console.log: WebExtensions: reset-default-search: No addons in our list are installed.
JavaScript error: resource://activity-stream/lib/ASRouter.jsm, line 987: NS_ERROR_ILLEGAL_VALUE: Component returned failure code: 0x80070057 (NS_ERROR_ILLEGAL_VALUE) [nsIObserverService.removeObserver]
1613323879836	Marionette	INFO	Stopped listening on port 51751
le?" (new Error("", "(unknown module)"))
1613321675393	Marionette	INFO	Listening on port 51925
1613321676081	Marionette	WARN	TLS certificate errors will be ignored for this session
1613321676099	Marionette	ERROR	[15] No reply from Marionette:Register
console.warn: SearchSettings: "get: No settings file exists, new profile?" (new Error("", "(unknown module)"))
console.log: WebExtensions: reset-default-search: No addons in our list are installed.
JavaScript error: chrome://global/content/elements/browser-custom-element.js, line 1642: Error: permitUnload is already running for this tab.
JavaScript error: chrome://browser/content/browser.js, line 7875: uncaught exception: undefined
JavaScript error: resource://activity-stream/lib/ASRouter.jsm, line 987: NS_ERROR_ILLEGAL_VALUE: Component returned failure code: 0x80070057 (NS_ERROR_ILLEGAL_VALUE) [nsIObserverService.removeObserver]
1613323874032	Marionette	INFO	Stopped listening on port 51925
ce://gre/modules/Region.jsm", 422))
1613321796712	Marionette	INFO	Listening on port 52027
1613321798718	Marionette	WARN	TLS certificate errors will be ignored for this session
1613321799236	Marionette	ERROR	[18] No reply from Marionette:Register
[Parent 24928, IPC I/O Parent] WARNING: file /builds/worker/checkouts/gecko/ipc/chromium/src/base/process_util_win.cc:167
1613321816540	Marionette	WARN	Ignoring event 'DOMContentLoaded' because document has an invalid readyState of 'loading'.
1613321824447	Marionette	INFO	Stopped listening on port 52027
JavaScript error: resource://activity-stream/lib/ASRouter.jsm, line 987: NS_ERROR_ILLEGAL_VALUE: Component returned failure code: 0x80070057 (NS_ERROR_ILLEGAL_VALUE) [nsIObserverService.removeObserver]
JavaScript error: https://script.hotjar.com/modules.47c8b2ab63e7e626e930.js, line 1: NS_ERROR_NOT_INITIALIZED: 
JavaScript error: resource://gre/modules/CrashManager.jsm, line 789: AbortError: Could not dispatch task to background thread

###!!! [Child][RunMessage] Error: Channel closing: too late to send/recv, messages will be lost

1613322311022	geckodriver	INFO	Listening on 127.0.0.1:52276
1613322314090	mozrunner::runner	INFO	Running command: "C:\\Program Files\\Mozilla Firefox\\firefox.exe" "--marionette" "-foreground" "-no-remote" "-profile" "C:\\Users\\SOULEY~1\\AppData\\Local\\Temp\\rust_mozprofile6frmHR"
console.warn: SearchSettings: "get: No settings file exists, new profile?" (new Error("", "(unknown module)"))
1613322328191	Marionette	INFO	Listening on port 52284
1613322328390	Marionette	WARN	TLS certificate errors will be ignored for this session
1613322328406	Marionette	ERROR	[15] No reply from Marionette:Register
console.warn: SearchSettings: "get: No settings file exists, new profile?" (new Error("", "(unknown module)"))
1613322336226	Marionette	WARN	Ignoring event 'DOMContentLoaded' because document has an invalid readyState of 'loading'.
1613322337214	Marionette	WARN	Ignoring event 'DOMContentLoaded' because document has an invalid readyState of 'loading'.
1613322339481	Marionette	WARN	Ignoring event 'DOMContentLoaded' because document has an invalid readyState of 'loading'.
console.log: WebExtensions: reset-default-search: No addons in our list are installed.
1613323866309	Marionette	INFO	Stopped listening on port 52284

###!!! [Child][RunMessage] Error: Channel closing: too late to send/recv, messages will be lost

"--marionette" "-foreground" "-no-remote" "-profile" "C:\\Users\\SOULEY~1\\AppData\\Local\\Temp\\rust_mozprofilefXB1aN"
console.warn: SearchSettings: "get: No settings file exists, new profile?" (new Error("", "(unknown module)"))
1613322849952	Marionette	INFO	Listening on port 52537
1613322850094	Marionette	WARN	TLS certificate errors will be ignored for this session
1613322850102	Marionette	ERROR	[15] No reply from Marionette:Register
console.warn: SearchSettings: "get: No settings file exists, new profile?" (new Error("", "(unknown module)"))
1613322858414	Marionette	WARN	Ignoring event 'DOMContentLoaded' because document has an invalid readyState of 'loading'.
1613322859485	Marionette	WARN	Ignoring event 'DOMContentLoaded' because document has an invalid readyState of 'loading'.
1613322862075	Marionette	WARN	Ignoring event 'DOMContentLoaded' because document has an invalid readyState of 'loading'.
console.log: WebExtensions: reset-default-search: No addons in our list are installed.
JavaScript error: resource://activity-stream/lib/ASRouter.jsm, line 987: NS_ERROR_ILLEGAL_VALUE: Component returned failure code: 0x80070057 (NS_ERROR_ILLEGAL_VALUE) [nsIObserverService.removeObserver]
[Parent 5028, IPC I/O Parent] WARNING: file /builds/worker/checkouts/gecko/ipc/chromium/src/base/process_util_win.cc:167
1613323861606	Marionette	INFO	Stopped listening on port 52537

###!!! [Child][RunMessage] Error: Channel closing: too late to send/recv, messages will be lost

reply from Marionette:Register
console.warn: SearchSettings: "get: No settings file exists, new profile?" (new Error("", "(unknown module)"))
1613322995076	Marionette	WARN	Ignoring event 'DOMContentLoaded' because document has an invalid readyState of 'loading'.
1613322996026	Marionette	WARN	Ignoring event 'DOMContentLoaded' because document has an invalid readyState of 'loading'.
console.log: WebExtensions: reset-default-search: No addons in our list are installed.
1613323859378	Marionette	INFO	Stopped listening on port 52755

###!!! [Child][RunMessage] Error: Channel closing: too late to send/recv, messages will be lost

l\\Temp\\rust_mozprofileL3mP6k"
console.warn: SearchSettings: "get: No settings file exists, new profile?" (new Error("", "(unknown module)"))
console.error: Region.jsm: "Error fetching region" (new AbortError("The operation was aborted. ", (void 0), 773))
console.error: Region.jsm: "Failed to fetch region" (new Error("NO_RESULT", "resource://gre/modules/Region.jsm", 422))
1613323117881	Marionette	INFO	Listening on port 53027
1613323119416	Marionette	WARN	TLS certificate errors will be ignored for this session
1613323119467	Marionette	ERROR	[18] No reply from Marionette:Register
1613323129162	Marionette	WARN	Ignoring event 'DOMContentLoaded' because document has an invalid readyState of 'loading'.
1613323130610	Marionette	WARN	Ignoring event 'DOMContentLoaded' because document has an invalid readyState of 'loading'.
console.log: WebExtensions: reset-default-search: No addons in our list are installed.
1613323858567	Marionette	INFO	Stopped listening on port 53027

###!!! [Child][RunMessage] Error: Channel closing: too late to send/recv, messages will be lost

1613323883000	geckodriver	INFO	Listening on 127.0.0.1:54169
1613323886162	mozrunner::runner	INFO	Running command: "C:\\Program Files\\Mozilla Firefox\\firefox.exe" "--marionette" "-foreground" "-no-remote" "-profile" "C:\\Users\\SOULEY~1\\AppData\\Local\\Temp\\rust_mozprofiley67TFw"
console.warn: SearchSettings: "get: No settings file exists, new profile?" (new Error("", "(unknown module)"))
1613323900733	Marionette	INFO	Listening on port 54181
1613323902116	Marionette	WARN	TLS certificate errors will be ignored for this session
1613323902126	Marionette	ERROR	[18] No reply from Marionette:Register
console.warn: SearchSettings: "get: No settings file exists, new profile?" (new Error("", "(unknown module)"))
1613323908852	Marionette	WARN	Ignoring event 'DOMContentLoaded' because document has an invalid readyState of 'loading'.
1613323911468	Marionette	WARN	Ignoring event 'DOMContentLoaded' because document has an invalid readyState of 'loading'.
console.log: WebExtensions: reset-default-search: No addons in our list are installed.
[Parent 27568, IPC I/O Parent] WARNING: file /builds/worker/checkouts/gecko/ipc/chromium/src/base/process_util_win.cc:167
[Parent 27568, IPC I/O Parent] WARNING: file /builds/worker/checkouts/gecko/ipc/chromium/src/base/process_util_win.cc:167
1613327831671	Marionette	INFO	Stopped listening on port 54181

###!!! [Child][RunMessage] Error: Channel closing: too late to send/recv, messages will be lost

Marionette	INFO	Listening on port 55553
1613324982111	Marionette	WARN	TLS certificate errors will be ignored for this session
1613324982121	Marionette	ERROR	[18] No reply from Marionette:Register
console.warn: SearchSettings: "get: No settings file exists, new profile?" (new Error("", "(unknown module)"))
1613324987658	Marionette	WARN	Ignoring event 'DOMContentLoaded' because document has an invalid readyState of 'loading'.
console.log: WebExtensions: reset-default-search: No addons in our list are installed.
JavaScript error: resource://activity-stream/lib/ASRouter.jsm, line 987: NS_ERROR_ILLEGAL_VALUE: Component returned failure code: 0x80070057 (NS_ERROR_ILLEGAL_VALUE) [nsIObserverService.removeObserver]
1613327820816	Marionette	INFO	Stopped listening on port 55553

###!!! [Child][RunMessage] Error: Channel closing: too late to send/recv, messages will be lost

[Parent 15132, IPC I/O Parent] WARNING: pipe error: 232: file /builds/worker/checkouts/gecko/ipc/chromium/src/chrome/common/ipc_channel_win.cc:545
